<?xml version="1.0" encoding="UTF-8"?>
<!-- Generated by org.testng.reporters.JUnitXMLReporter -->
<testsuite ignored="0" hostname="DESKTOP-L0LR9TL" failures="1" tests="1" name="Multiplication" time="0.044" errors="0" timestamp="2023-09-06T20:24:13 EDT">
  <testcase classname="testNG_day02.paramMultiplyTASK" name="Multiply" time="0.0">
    <failure type="org.testng.TestNGException" message="
Parameter &amp;apos;numb1&amp;apos; is required by @Test on method Multiply but has not been marked @Optional or defined
in C:\Users\tath3\eclipse-workspace\testNG_cohort15\paramTask1.xml">
      <![CDATA[org.testng.TestNGException: 
Parameter 'numb1' is required by @Test on method Multiply but has not been marked @Optional or defined
in C:\Users\tath3\eclipse-workspace\testNG_cohort15\paramTask1.xml
at java.base/java.util.ArrayList.forEach(ArrayList.java:1511)
... Removed 26 stack frames]]>
    </failure>
  </testcase> <!-- Multiply -->
</testsuite> <!-- Multiplication -->
